<?xml version="1.0" encoding="UTF-8"?>
<!-- Generated by org.testng.reporters.JUnitXMLReporter -->
<testsuite ignored="0" hostname="SW00123" failures="0" tests="4" name="Default test" time="36.801" errors="0" timestamp="2024-05-11T19:06:42 IST">
  <testcase classname="E2EFrameWork.E2E" name="submitOrder" time="7.139"/>
  <testcase classname="E2EFrameWork.E2E" name="submitOrder" time="5.758"/>
  <testcase classname="E2EFrameWork.E2E" name="checkOrderHistory" time="0.967"/>
  <testcase classname="E2EFrameWork.E2E" name="checkOrderHistory" time="0.993"/>
</testsuite> <!-- Default test -->
