<?xml version="1.0" encoding="UTF-8"?>
<!-- Generated by org.testng.reporters.JUnitXMLReporter -->
<testsuite ignored="1" hostname="SW00123" failures="0" tests="1" name="Errorvalidations" time="18.757" errors="0" timestamp="2024-05-15T14:57:21 IST">
  <testcase classname="E2EFrameWork.ErrorValidations" name="LoginErrorValidation" time="0.702"/>
  <testcase classname="E2EFrameWork.ErrorValidations" name="CheckItemsInCatalog" time="0.0">
    <ignored/>
  </testcase> <!-- CheckItemsInCatalog -->
</testsuite> <!-- Errorvalidations -->
