<?xml version="1.0" encoding="UTF-8"?>
<!-- Generated by org.testng.reporters.JUnitXMLReporter -->
<testsuite ignored="0" hostname="SW00123" failures="0" tests="4" name="SubmitOrder" time="43.459" errors="0" timestamp="2024-05-23T22:08:07 IST">
  <testcase classname="E2EFrameWork.E2E" name="submitOrder" time="6.878"/>
  <testcase classname="E2EFrameWork.E2E" name="submitOrder" time="6.604"/>
  <testcase classname="E2EFrameWork.E2E" name="checkOrderHistory" time="0.995"/>
  <testcase classname="E2EFrameWork.E2E" name="checkOrderHistory" time="1.157"/>
</testsuite> <!-- SubmitOrder -->
