<?xml version="1.0" encoding="UTF-8"?>
<!-- Generated by org.testng.reporters.JUnitXMLReporter -->
<testsuite ignored="0" hostname="SW00123" failures="1" tests="2" name="Errorvalidations" time="14.541" errors="0" timestamp="2024-05-11T19:11:25 IST">
  <testcase classname="E2EFrameWork.ErrorValidations" name="CheckItemsInCatalog" time="0.013"/>
  <testcase classname="E2EFrameWork.ErrorValidations" name="LoginErrorValidation" time="0.835">
    <failure type="java.lang.AssertionError" message="expected [Incorrect  email or password.] but found [Incorrect email or password.]">
      <![CDATA[java.lang.AssertionError: expected [Incorrect  email or password.] but found [Incorrect email or password.]
at E2EFrameWork.ErrorValidations.LoginErrorValidation(ErrorValidations.java:31)
at java.base/java.util.ArrayList.forEach(ArrayList.java:1511)
at java.base/java.util.concurrent.FutureTask.run(FutureTask.java:264)
at java.base/java.util.concurrent.ThreadPoolExecutor.runWorker(ThreadPoolExecutor.java:1136)
at java.base/java.util.concurrent.ThreadPoolExecutor$Worker.run(ThreadPoolExecutor.java:635)
at java.base/java.lang.Thread.run(Thread.java:840)
... Removed 24 stack frames]]>
    </failure>
  </testcase> <!-- LoginErrorValidation -->
</testsuite> <!-- Errorvalidations -->
