<?xml version="1.0" encoding="UTF-8"?>
<!-- Generated by org.testng.reporters.JUnitXMLReporter -->
<testsuite ignored="0" hostname="SW00123" failures="0" tests="4" name="SubmitOrder" time="43.552" errors="0" timestamp="2024-05-11T19:11:54 IST">
  <testcase classname="E2EFrameWork.E2E" name="submitOrder" time="9.854"/>
  <testcase classname="E2EFrameWork.E2E" name="submitOrder" time="6.624"/>
  <testcase classname="E2EFrameWork.E2E" name="checkOrderHistory" time="0.897"/>
  <testcase classname="E2EFrameWork.E2E" name="checkOrderHistory" time="1.236"/>
</testsuite> <!-- SubmitOrder -->
